<?xml version="1.0" encoding="UTF-8"?>
<!-- Generated by org.testng.reporters.JUnitReportReporter -->
<testsuite hostname="NROUT-LP" failures="1" tests="1" name="regression.CalendarLoadProfileCard.QIDM_51_CalendarLoadProfileTimelineOverlayChartOptions" time="283.079" errors="0" timestamp="15 Jan 2025 09:10:49 GMT">
  <testcase classname="regression.CalendarLoadProfileCard.QIDM_51_CalendarLoadProfileTimelineOverlayChartOptions" name="calendarLoadProfileTimelineOverlayChartOptions" time="283.079">
    <failure message="expected [Jan 1, 2023] but found [Dec 31, 2022]" type="java.lang.AssertionError">
      <![CDATA[java.lang.AssertionError: expected [Jan 1, 2023] but found [Dec 31, 2022]
	at org.testng.Assert.fail(Assert.java:94)
	at org.testng.Assert.failNotEquals(Assert.java:496)
	at org.testng.Assert.assertEquals(Assert.java:125)
	at org.testng.Assert.assertEquals(Assert.java:178)
	at org.testng.Assert.assertEquals(Assert.java:188)
	at regression.CalendarLoadProfileCard.QIDM_51_CalendarLoadProfileTimelineOverlayChartOptions.calendarLoadProfileTimelineOverlayChartOptions(QIDM_51_CalendarLoadProfileTimelineOverlayChartOptions.java:103)
	at java.base/jdk.internal.reflect.DirectMethodHandleAccessor.invoke(DirectMethodHandleAccessor.java:103)
	at java.base/java.lang.reflect.Method.invoke(Method.java:580)
	at org.testng.internal.MethodInvocationHelper.invokeMethod(MethodInvocationHelper.java:85)
	at org.testng.internal.Invoker.invokeMethod(Invoker.java:639)
	at org.testng.internal.Invoker.invokeTestMethod(Invoker.java:816)
	at org.testng.internal.Invoker.invokeTestMethods(Invoker.java:1124)
	at org.testng.internal.TestMethodWorker.invokeTestMethods(TestMethodWorker.java:125)
	at org.testng.internal.TestMethodWorker.run(TestMethodWorker.java:108)
	at org.testng.TestRunner.privateRun(TestRunner.java:774)
	at org.testng.TestRunner.run(TestRunner.java:624)
	at org.testng.SuiteRunner.runTest(SuiteRunner.java:359)
	at org.testng.SuiteRunner.runSequentially(SuiteRunner.java:354)
	at org.testng.SuiteRunner.privateRun(SuiteRunner.java:312)
	at org.testng.SuiteRunner.run(SuiteRunner.java:261)
	at org.testng.SuiteRunnerWorker.runSuite(SuiteRunnerWorker.java:52)
	at org.testng.SuiteRunnerWorker.run(SuiteRunnerWorker.java:86)
	at org.testng.TestNG.runSuitesSequentially(TestNG.java:1215)
	at org.testng.TestNG.runSuitesLocally(TestNG.java:1140)
	at org.testng.TestNG.run(TestNG.java:1048)
	at org.testng.remote.AbstractRemoteTestNG.run(AbstractRemoteTestNG.java:115)
	at org.testng.remote.RemoteTestNG.initAndRun(RemoteTestNG.java:251)
	at org.testng.remote.RemoteTestNG.main(RemoteTestNG.java:77)
]]>
    </failure>
  </testcase> <!-- calendarLoadProfileTimelineOverlayChartOptions -->
</testsuite> <!-- regression.CalendarLoadProfileCard.QIDM_51_CalendarLoadProfileTimelineOverlayChartOptions -->
