<?xml version="1.0" encoding="UTF-8"?>
<!-- Generated by org.testng.reporters.JUnitReportReporter -->
<testsuite hostname="NROUT-LP" failures="0" tests="1" name="regression.DataQualityScenarios.QIDM_156_DataErrorWithNoCatchUpSpike" time="372.726" errors="0" timestamp="10 Dec 2024 08:02:14 GMT">
  <testcase classname="regression.DataQualityScenarios.QIDM_156_DataErrorWithNoCatchUpSpike" name="dataErrorWithNoCatchUpSpike" time="372.726"/>
</testsuite> <!-- regression.DataQualityScenarios.QIDM_156_DataErrorWithNoCatchUpSpike -->
