<?xml version="1.0" encoding="UTF-8"?>
<!-- Generated by org.testng.reporters.JUnitReportReporter -->
<testsuite hostname="NROUT-LP" failures="0" tests="1" name="regression.ModelingEngine.QIDM_234_CEBMPageLayout" time="191.101" errors="0" timestamp="6 Jan 2025 08:45:36 GMT">
  <testcase classname="regression.ModelingEngine.QIDM_234_CEBMPageLayout" name="cebmPageLayout" time="191.101"/>
</testsuite> <!-- regression.ModelingEngine.QIDM_234_CEBMPageLayout -->
