<?xml version="1.0" encoding="UTF-8"?>
<!-- Generated by org.testng.reporters.JUnitReportReporter -->
<testsuite hostname="NROUT-LP" failures="0" tests="1" name="regression.PAMAdminstrationTCs.ManageMeasurements.QIDM_136_MiscellaneousCalculatedMeasurments" time="329.020" errors="0" timestamp="9 Dec 2024 12:42:11 GMT">
  <testcase classname="regression.PAMAdminstrationTCs.ManageMeasurements.QIDM_136_MiscellaneousCalculatedMeasurments" name="miscellaneousCalculatedMeasurments" time="329.020"/>
</testsuite> <!-- regression.PAMAdminstrationTCs.ManageMeasurements.QIDM_136_MiscellaneousCalculatedMeasurments -->
