<?xml version="1.0" encoding="UTF-8"?>
<!-- Generated by org.testng.reporters.JUnitReportReporter -->
<testsuite hostname="NROUT-LP" failures="0" tests="1" name="regression.PAMAdminstrationTCs.ManageMeasurements.QIDM_131_AdvancedCalculatedExpressions" time="553.649" errors="0" timestamp="6 Jan 2025 13:29:18 GMT">
  <testcase classname="regression.PAMAdminstrationTCs.ManageMeasurements.QIDM_131_AdvancedCalculatedExpressions" name="advancedCalculatedExpressions" time="553.649"/>
</testsuite> <!-- regression.PAMAdminstrationTCs.ManageMeasurements.QIDM_131_AdvancedCalculatedExpressions -->
