<?xml version="1.0" encoding="UTF-8"?>
<!-- Generated by org.testng.reporters.JUnitReportReporter -->
<testsuite hostname="NROUT-LP" failures="0" tests="1" name="regression.PAMAdminstrationTCs.ManageMeasurements.QIDM_140_MakeDataStreamUsingExpression" time="211.781" errors="0" timestamp="9 Dec 2024 12:25:40 GMT">
  <testcase classname="regression.PAMAdminstrationTCs.ManageMeasurements.QIDM_140_MakeDataStreamUsingExpression" name="makeDataStreamUsingExpression" time="211.781"/>
</testsuite> <!-- regression.PAMAdminstrationTCs.ManageMeasurements.QIDM_140_MakeDataStreamUsingExpression -->
