<?xml version="1.0" encoding="UTF-8"?>
<!-- Generated by org.testng.reporters.JUnitReportReporter -->
<testsuite hostname="NROUT-LP" failures="0" tests="1" name="regression.PAMAdminstrationTCs.ManageMeasurements.QIDM_141_ExpressionUsingRABaseTemp" time="186.854" errors="0" timestamp="9 Dec 2024 11:42:39 GMT">
  <testcase classname="regression.PAMAdminstrationTCs.ManageMeasurements.QIDM_141_ExpressionUsingRABaseTemp" name="expressionUsingRABaseTemp" time="186.854"/>
</testsuite> <!-- regression.PAMAdminstrationTCs.ManageMeasurements.QIDM_141_ExpressionUsingRABaseTemp -->
