<?xml version="1.0" encoding="UTF-8"?>
<!-- Generated by org.testng.reporters.JUnitReportReporter -->
<testsuite hostname="NROUT-LP" failures="0" tests="1" name="regression.AllCardsCommonTCs.QIDM_219_WeatherDatawith30minutesoffsetTZ" time="152.666" errors="0" timestamp="10 Dec 2024 14:11:58 GMT">
  <testcase classname="regression.AllCardsCommonTCs.QIDM_219_WeatherDatawith30minutesoffsetTZ" name="weatherDatawith30minutesoffsetTZ" time="152.666"/>
</testsuite> <!-- regression.AllCardsCommonTCs.QIDM_219_WeatherDatawith30minutesoffsetTZ -->
