<?xml version="1.0" encoding="UTF-8"?>
<!-- Generated by org.testng.reporters.JUnitReportReporter -->
<testsuite hostname="NROUT-LP" failures="0" tests="1" name="regression.DataQualityScenarios.QIDM_160_GapWithNoCatchUpSpike" time="201.177" errors="0" timestamp="10 Dec 2024 09:18:19 GMT">
  <testcase classname="regression.DataQualityScenarios.QIDM_160_GapWithNoCatchUpSpike" name="gapWithNoCatchUpSpike" time="201.177"/>
</testsuite> <!-- regression.DataQualityScenarios.QIDM_160_GapWithNoCatchUpSpike -->
