<?xml version="1.0" encoding="UTF-8"?>
<!-- Generated by org.testng.reporters.JUnitReportReporter -->
<testsuite hostname="NROUT-LP" failures="0" tests="1" name="regression.LoadProfileAnalysisCard.QIDM_49_LoadProfileExportOptions" time="247.280" errors="0" timestamp="15 Jan 2025 09:05:01 GMT">
  <testcase classname="regression.LoadProfileAnalysisCard.QIDM_49_LoadProfileExportOptions" name="loadProfileExportOptions" time="247.280"/>
</testsuite> <!-- regression.LoadProfileAnalysisCard.QIDM_49_LoadProfileExportOptions -->
