<?xml version="1.0" encoding="UTF-8"?>
<!-- Generated by org.testng.reporters.JUnitReportReporter -->
<testsuite hostname="NROUT-LP" failures="0" tests="1" name="PlayWriteProject.MyApplication" time="1401.995" errors="0" timestamp="25 Jul 2024 09:02:43 GMT">
  <testcase classname="PlayWriteProject.MyApplication" name="getData" time="1401.995"/>
</testsuite> <!-- PlayWriteProject.MyApplication -->
