<?xml version="1.0" encoding="UTF-8"?>
<!-- Generated by org.testng.reporters.JUnitReportReporter -->
<testsuite hostname="NROUT-LP" failures="0" tests="1" name="regression.ModelingEngine.QIDM_225_ManageMeasurementConfigurationPopup" time="208.014" errors="0" timestamp="6 Jan 2025 07:04:39 GMT">
  <testcase classname="regression.ModelingEngine.QIDM_225_ManageMeasurementConfigurationPopup" name="manageMeasurementConfigurationPopup" time="208.014"/>
</testsuite> <!-- regression.ModelingEngine.QIDM_225_ManageMeasurementConfigurationPopup -->
