<?xml version="1.0" encoding="UTF-8"?>
<!-- Generated by org.testng.reporters.JUnitReportReporter -->
<testsuite hostname="NROUT-LP" failures="0" tests="1" name="regression.PAMAdminstrationTCs.ManageMeasurements.QIDM_142_ExpressionUsingRAWeather" time="188.107" errors="0" timestamp="9 Dec 2024 11:31:35 GMT">
  <testcase classname="regression.PAMAdminstrationTCs.ManageMeasurements.QIDM_142_ExpressionUsingRAWeather" name="expressionUsingRAWeather" time="188.107"/>
</testsuite> <!-- regression.PAMAdminstrationTCs.ManageMeasurements.QIDM_142_ExpressionUsingRAWeather -->
