<?xml version="1.0" encoding="UTF-8"?>
<!-- Generated by org.testng.reporters.JUnitReportReporter -->
<testsuite hostname="NROUT-LP" failures="0" tests="1" name="regression.TrendAnalysisCard.QIDM_169_TrendAnalysisRawVsCorrectedData" time="176.942" errors="0" timestamp="17 Dec 2024 04:12:06 GMT">
  <testcase classname="regression.TrendAnalysisCard.QIDM_169_TrendAnalysisRawVsCorrectedData" name="trendAnalysisRawVsCorrectedData" time="176.942"/>
</testsuite> <!-- regression.TrendAnalysisCard.QIDM_169_TrendAnalysisRawVsCorrectedData -->
