<?xml version="1.0" encoding="UTF-8"?>
<!-- Generated by org.testng.reporters.JUnitReportReporter -->
<testsuite hostname="NROUT-LP" failures="0" tests="1" name="regression.DataQualityScenarios.QIDM_163_RepeatedValueWithCatchUpSpike" time="195.017" errors="0" timestamp="10 Dec 2024 10:10:36 GMT">
  <testcase classname="regression.DataQualityScenarios.QIDM_163_RepeatedValueWithCatchUpSpike" name="repeatedValueWithCatchUpSpike" time="195.017"/>
</testsuite> <!-- regression.DataQualityScenarios.QIDM_163_RepeatedValueWithCatchUpSpike -->
