<?xml version="1.0" encoding="UTF-8"?>
<!-- Generated by org.testng.reporters.JUnitReportReporter -->
<testsuite hostname="NROUT-LP" failures="0" tests="1" name="regression.TrendAnalysisCard.QIDM_66_TrendAnalysisIndexByOptions" time="314.391" errors="0" timestamp="15 Jan 2025 07:50:14 GMT">
  <testcase classname="regression.TrendAnalysisCard.QIDM_66_TrendAnalysisIndexByOptions" name="trendAnalysisIndexByOptions" time="314.391"/>
</testsuite> <!-- regression.TrendAnalysisCard.QIDM_66_TrendAnalysisIndexByOptions -->
