<?xml version="1.0" encoding="UTF-8"?>
<!-- Generated by org.testng.reporters.JUnitReportReporter -->
<testsuite hostname="NROUT-LP" failures="0" tests="1" name="smokeTest.QIDM_150_ComparisonAnalysisSmokeTest" time="148.850" errors="0" timestamp="17 Dec 2024 05:44:02 GMT">
  <testcase classname="smokeTest.QIDM_150_ComparisonAnalysisSmokeTest" name="comparisonAnalysisSmokeTest" time="148.850"/>
</testsuite> <!-- smokeTest.QIDM_150_ComparisonAnalysisSmokeTest -->
