<?xml version="1.0" encoding="UTF-8"?>
<!-- Generated by org.testng.reporters.JUnitReportReporter -->
<testsuite hostname="NROUT-LP" failures="0" tests="1" name="regression.LoadProfileAnalysisCard.QIDM_178_LoadProfileChartOptionsLegendandTable" time="499.560" errors="0" timestamp="15 Jan 2025 08:43:19 GMT">
  <testcase classname="regression.LoadProfileAnalysisCard.QIDM_178_LoadProfileChartOptionsLegendandTable" name="loadProfileChartOptionsLegendandTable" time="499.560"/>
</testsuite> <!-- regression.LoadProfileAnalysisCard.QIDM_178_LoadProfileChartOptionsLegendandTable -->
