<?xml version="1.0" encoding="UTF-8"?>
<!-- Generated by org.testng.reporters.JUnitReportReporter -->
<testsuite hostname="NROUT-LP" failures="0" tests="1" name="regression.DataQualityScenarios.QIDM_162_NullWithNoCatchUpSpike" time="211.432" errors="0" timestamp="10 Dec 2024 09:55:58 GMT">
  <testcase classname="regression.DataQualityScenarios.QIDM_162_NullWithNoCatchUpSpike" name="nullWithNoCatchUpSpike" time="211.432"/>
</testsuite> <!-- regression.DataQualityScenarios.QIDM_162_NullWithNoCatchUpSpike -->
