<?xml version="1.0" encoding="UTF-8"?>
<!-- Generated by org.testng.reporters.JUnitReportReporter -->
<testsuite hostname="NROUT-LP" failures="0" tests="1" name="regression.PAMAdminstrationTCs.ManageMeasurements.QIDM_123_ExpressionsWithAggregatingDataAtDifferentIntervals" time="487.093" errors="0" timestamp="9 Dec 2024 12:59:55 GMT">
  <testcase classname="regression.PAMAdminstrationTCs.ManageMeasurements.QIDM_123_ExpressionsWithAggregatingDataAtDifferentIntervals" name="expressionsWithAggregatingDataAtDifferentIntervals" time="487.093"/>
</testsuite> <!-- regression.PAMAdminstrationTCs.ManageMeasurements.QIDM_123_ExpressionsWithAggregatingDataAtDifferentIntervals -->
