<?xml version="1.0" encoding="UTF-8"?>
<!-- Generated by org.testng.reporters.JUnitReportReporter -->
<testsuite hostname="NROUT-LP" failures="0" tests="1" name="regression.TrendAnalysisCard.QIDM_70_TrendAnalysisChartOptionsSeriestab" time="1228.117" errors="0" timestamp="15 Jan 2025 08:24:38 GMT">
  <testcase classname="regression.TrendAnalysisCard.QIDM_70_TrendAnalysisChartOptionsSeriestab" name="trendAnalysisChartOptionsSeriestab" time="1228.117"/>
</testsuite> <!-- regression.TrendAnalysisCard.QIDM_70_TrendAnalysisChartOptionsSeriestab -->
