<?xml version="1.0" encoding="UTF-8"?>
<!-- Generated by org.testng.reporters.JUnitReportReporter -->
<testsuite hostname="NROUT-LP" failures="0" tests="1" name="regression.PAMAdminstrationTCs.ManageMeasurements.QIDM_138_ExpressionsWithSiteSchedules" time="209.244" errors="0" timestamp="9 Dec 2024 12:35:11 GMT">
  <testcase classname="regression.PAMAdminstrationTCs.ManageMeasurements.QIDM_138_ExpressionsWithSiteSchedules" name="expressionsWithSiteSchedules" time="209.244"/>
</testsuite> <!-- regression.PAMAdminstrationTCs.ManageMeasurements.QIDM_138_ExpressionsWithSiteSchedules -->
