<?xml version="1.0" encoding="UTF-8"?>
<!-- Generated by org.testng.reporters.JUnitReportReporter -->
<testsuite hostname="NROUT-LP" failures="0" tests="1" name="regression.DataQualityScenarios.QIDM_165_RepeatedValueWithNoCatchUpSpike" time="195.696" errors="0" timestamp="10 Dec 2024 10:25:22 GMT">
  <testcase classname="regression.DataQualityScenarios.QIDM_165_RepeatedValueWithNoCatchUpSpike" name="repeatedValueWithNoCatchUpSpike" time="195.696"/>
</testsuite> <!-- regression.DataQualityScenarios.QIDM_165_RepeatedValueWithNoCatchUpSpike -->
